<?xml version="1.0" encoding="UTF-8"?>
<!-- Generated by org.testng.reporters.JUnitReportReporter -->
<testsuite hostname="DESKTOP-3EUINVS" failures="0" tests="1" name="com.anydo.testCases.TC_CreateTask_001" time="21.254" errors="0" timestamp="2022-08-25T00:47:15 BDT" skipped="0">
  <testcase classname="com.anydo.testCases.TC_CreateTask_001" name="createTaskTest" time="21.254"/>
  <system-out/>
</testsuite> <!-- com.anydo.testCases.TC_CreateTask_001 -->
